file_cat created on machine fa24-cs425-1209.cs.illinois.edu:8089_2024-11-09_18:10:47
file_cat created on machine fa24-cs425-1206.cs.illinois.edu:8086_2024-11-09_18:10:58
Message received to create file file_cat at 18:13:37.175
file_cat created at 18:13:37.176
file_cat created on machine fa24-cs425-1210.cs.illinois.edu:9080_2024-11-09_18:13:15
file_zebra created on machine fa24-cs425-1209.cs.illinois.edu:8089_2024-11-09_18:10:47
file_zebra created on machine fa24-cs425-1206.cs.illinois.edu:8086_2024-11-09_18:10:58
Message received to create file file_zebra at 18:13:37.184
file_zebra created at 18:13:37.186
file_zebra created on machine fa24-cs425-1210.cs.illinois.edu:9080_2024-11-09_18:13:15
file_kangaroo created on machine fa24-cs425-1206.cs.illinois.edu:8086_2024-11-09_18:10:58
Message received to create file file_kangaroo at 18:13:37.192
file_kangaroo created at 18:13:37.193
file_kangaroo created on machine fa24-cs425-1210.cs.illinois.edu:9080_2024-11-09_18:13:15
file_kangaroo created on machine fa24-cs425-1208.cs.illinois.edu:8088_2024-11-09_18:10:52
file_chimpanzee created on machine fa24-cs425-1209.cs.illinois.edu:8089_2024-11-09_18:10:47
file_chimpanzee created on machine fa24-cs425-1206.cs.illinois.edu:8086_2024-11-09_18:10:58
Message received to create file file_chimpanzee at 18:13:37.202
file_chimpanzee created at 18:13:37.202
file_chimpanzee created on machine fa24-cs425-1210.cs.illinois.edu:9080_2024-11-09_18:13:15
file_aardvark created on machine fa24-cs425-1209.cs.illinois.edu:8089_2024-11-09_18:10:47
file_aardvark created on machine fa24-cs425-1206.cs.illinois.edu:8086_2024-11-09_18:10:58
Message received to create file file_aardvark at 18:13:37.209
file_aardvark created at 18:13:37.210
file_aardvark created on machine fa24-cs425-1210.cs.illinois.edu:9080_2024-11-09_18:13:15
Message received to create file file_aardvark-18:14:32.478 at 18:14:32.481
file_aardvark-18:14:32.478 created at 18:14:32.481
