Node join detected for: fa24-cs425-1205.cs.illinois.edu:9085_2024-11-09_02:16:02 at 02:16:02

Node join detected for: fa24-cs425-1205.cs.illinois.edu:9085_2024-11-09_02:16:02 at 02:16:02

Node join detected for: fa24-cs425-1205.cs.illinois.edu:9085_2024-11-09_02:16:02 at 02:16:02

Node join detected for: fa24-cs425-1205.cs.illinois.edu:9085_2024-11-09_02:16:02 at 02:16:02

Node join detected for: fa24-cs425-1205.cs.illinois.edu:9085_2024-11-09_02:16:02 at 02:16:02

Node join detected for: fa24-cs425-1205.cs.illinois.edu:9085_2024-11-09_02:16:02 at 02:16:02

Node join detected for: fa24-cs425-1205.cs.illinois.edu:9085_2024-11-09_02:16:02 at 02:16:02

Node join detected for: fa24-cs425-1205.cs.illinois.edu:9085_2024-11-09_02:16:02 at 02:16:02

Node join detected for: fa24-cs425-1205.cs.illinois.edu:9085_2024-11-09_02:16:02 at 02:16:02

Node suspect detected for: fa24-cs425-1205.cs.illinois.edu:9085_2024-11-09_02:16:02 at 02:16:03

Node join detected for: fa24-cs425-1205.cs.illinois.edu:9085_2024-11-09_02:16:02 at 02:16:07

Node join detected for: fa24-cs425-1205.cs.illinois.edu:9085_2024-11-09_02:16:02 at 02:16:07

Node join detected for: fa24-cs425-1205.cs.illinois.edu:9085_2024-11-09_02:16:02 at 02:16:07

Node join detected for: fa24-cs425-1204.cs.illinois.edu:9084_2024-11-09_02:16:04 at 02:16:07

Node join detected for: fa24-cs425-1204.cs.illinois.edu:9084_2024-11-09_02:16:04 at 02:16:07

Node join detected for: fa24-cs425-1203.cs.illinois.edu:9083_2024-11-09_02:16:06 at 02:16:07

Node join detected for: fa24-cs425-1203.cs.illinois.edu:9083_2024-11-09_02:16:06 at 02:16:07

Node join detected for: fa24-cs425-1205.cs.illinois.edu:9085_2024-11-09_02:16:02 at 02:16:07

Node join detected for: fa24-cs425-1205.cs.illinois.edu:9085_2024-11-09_02:16:02 at 02:16:07

Node join detected for: fa24-cs425-1204.cs.illinois.edu:9084_2024-11-09_02:16:04 at 02:16:07

Node join detected for: fa24-cs425-1204.cs.illinois.edu:9084_2024-11-09_02:16:04 at 02:16:07

Node join detected for: fa24-cs425-1203.cs.illinois.edu:9083_2024-11-09_02:16:06 at 02:16:07

Node join detected for: fa24-cs425-1203.cs.illinois.edu:9083_2024-11-09_02:16:06 at 02:16:07

Node join detected for: fa24-cs425-1205.cs.illinois.edu:9085_2024-11-09_02:16:02 at 02:16:07

Node join detected for: fa24-cs425-1205.cs.illinois.edu:9085_2024-11-09_02:16:02 at 02:16:07

Node join detected for: fa24-cs425-1204.cs.illinois.edu:9084_2024-11-09_02:16:04 at 02:16:07

Node join detected for: fa24-cs425-1204.cs.illinois.edu:9084_2024-11-09_02:16:04 at 02:16:07

Node join detected for: fa24-cs425-1203.cs.illinois.edu:9083_2024-11-09_02:16:06 at 02:16:07

Node join detected for: fa24-cs425-1205.cs.illinois.edu:9085_2024-11-09_02:16:02 at 02:16:07

Node join detected for: fa24-cs425-1203.cs.illinois.edu:9083_2024-11-09_02:16:06 at 02:16:07

Node join detected for: fa24-cs425-1204.cs.illinois.edu:9084_2024-11-09_02:16:04 at 02:16:07

Node join detected for: fa24-cs425-1205.cs.illinois.edu:9085_2024-11-09_02:16:02 at 02:16:07

Node join detected for: fa24-cs425-1204.cs.illinois.edu:9084_2024-11-09_02:16:04 at 02:16:07

Node join detected for: fa24-cs425-1203.cs.illinois.edu:9083_2024-11-09_02:16:06 at 02:16:07

Node join detected for: fa24-cs425-1203.cs.illinois.edu:9083_2024-11-09_02:16:06 at 02:16:07

Node join detected for: fa24-cs425-1205.cs.illinois.edu:9085_2024-11-09_02:16:02 at 02:16:07

Node join detected for: fa24-cs425-1205.cs.illinois.edu:9085_2024-11-09_02:16:02 at 02:16:07

Node join detected for: fa24-cs425-1204.cs.illinois.edu:9084_2024-11-09_02:16:04 at 02:16:07

Node join detected for: fa24-cs425-1204.cs.illinois.edu:9084_2024-11-09_02:16:04 at 02:16:07

Node join detected for: fa24-cs425-1203.cs.illinois.edu:9083_2024-11-09_02:16:06 at 02:16:07

Node join detected for: fa24-cs425-1203.cs.illinois.edu:9083_2024-11-09_02:16:06 at 02:16:07

Node join detected for: fa24-cs425-1205.cs.illinois.edu:9085_2024-11-09_02:16:02 at 02:16:07

Node join detected for: fa24-cs425-1205.cs.illinois.edu:9085_2024-11-09_02:16:02 at 02:16:07

Node join detected for: fa24-cs425-1204.cs.illinois.edu:9084_2024-11-09_02:16:04 at 02:16:07

Node join detected for: fa24-cs425-1204.cs.illinois.edu:9084_2024-11-09_02:16:04 at 02:16:07

Node join detected for: fa24-cs425-1203.cs.illinois.edu:9083_2024-11-09_02:16:06 at 02:16:07

Node join detected for: fa24-cs425-1203.cs.illinois.edu:9083_2024-11-09_02:16:06 at 02:16:07

Node join detected for: fa24-cs425-1205.cs.illinois.edu:9085_2024-11-09_02:16:02 at 02:16:07

Node join detected for: fa24-cs425-1205.cs.illinois.edu:9085_2024-11-09_02:16:02 at 02:16:07

Node join detected for: fa24-cs425-1204.cs.illinois.edu:9084_2024-11-09_02:16:04 at 02:16:07

Node join detected for: fa24-cs425-1204.cs.illinois.edu:9084_2024-11-09_02:16:04 at 02:16:07

Node join detected for: fa24-cs425-1203.cs.illinois.edu:9083_2024-11-09_02:16:06 at 02:16:07

Node join detected for: fa24-cs425-1203.cs.illinois.edu:9083_2024-11-09_02:16:06 at 02:16:07

Node join detected for: fa24-cs425-1205.cs.illinois.edu:9085_2024-11-09_02:16:02 at 02:16:07

Node join detected for: fa24-cs425-1205.cs.illinois.edu:9085_2024-11-09_02:16:02 at 02:16:07

Node join detected for: fa24-cs425-1204.cs.illinois.edu:9084_2024-11-09_02:16:04 at 02:16:07

Node join detected for: fa24-cs425-1203.cs.illinois.edu:9083_2024-11-09_02:16:06 at 02:16:07

Node join detected for: fa24-cs425-1204.cs.illinois.edu:9084_2024-11-09_02:16:04 at 02:16:07

Node join detected for: fa24-cs425-1205.cs.illinois.edu:9085_2024-11-09_02:16:02 at 02:16:07

Node join detected for: fa24-cs425-1203.cs.illinois.edu:9083_2024-11-09_02:16:06 at 02:16:07

Node join detected for: fa24-cs425-1205.cs.illinois.edu:9085_2024-11-09_02:16:02 at 02:16:07

Node join detected for: fa24-cs425-1204.cs.illinois.edu:9084_2024-11-09_02:16:04 at 02:16:07

Node join detected for: fa24-cs425-1204.cs.illinois.edu:9084_2024-11-09_02:16:04 at 02:16:07

Node join detected for: fa24-cs425-1203.cs.illinois.edu:9083_2024-11-09_02:16:06 at 02:16:07

Node join detected for: fa24-cs425-1203.cs.illinois.edu:9083_2024-11-09_02:16:06 at 02:16:07

Node join detected for: fa24-cs425-1205.cs.illinois.edu:9085_2024-11-09_02:16:02 at 02:16:07

Node join detected for: fa24-cs425-1205.cs.illinois.edu:9085_2024-11-09_02:16:02 at 02:16:07

Node join detected for: fa24-cs425-1204.cs.illinois.edu:9084_2024-11-09_02:16:04 at 02:16:07

Node join detected for: fa24-cs425-1204.cs.illinois.edu:9084_2024-11-09_02:16:04 at 02:16:07

Node join detected for: fa24-cs425-1203.cs.illinois.edu:9083_2024-11-09_02:16:06 at 02:16:07

Node join detected for: fa24-cs425-1205.cs.illinois.edu:9085_2024-11-09_02:16:02 at 02:16:07

Node join detected for: fa24-cs425-1204.cs.illinois.edu:9084_2024-11-09_02:16:04 at 02:16:07

Suspected node cleared for: fa24-cs425-1205.cs.illinois.edu:9085_2024-11-09_02:16:02 at 02:16:08

Node join detected for: fa24-cs425-1202.cs.illinois.edu:9082_2024-11-09_02:16:08 at 02:16:08

Node suspect detected for: fa24-cs425-1210.cs.illinois.edu:9080_2024-11-09_02:13:17 at 02:16:09

Node join detected for: fa24-cs425-1201.cs.illinois.edu:9081_2024-11-09_02:16:10 at 02:16:10

Node suspect detected for: fa24-cs425-1210.cs.illinois.edu:9080_2024-11-09_02:13:17 at 02:16:12

Node join detected for: fa24-cs425-1203.cs.illinois.edu:9083_2024-11-09_02:16:06 at 02:16:12

Suspected node cleared for: fa24-cs425-1205.cs.illinois.edu:9085_2024-11-09_02:16:02 at 02:16:12

Node join detected for: fa24-cs425-1205.cs.illinois.edu:9085_2024-11-09_02:16:02 at 02:16:12

Node join detected for: fa24-cs425-1204.cs.illinois.edu:9084_2024-11-09_02:16:04 at 02:16:12

Node join detected for: fa24-cs425-1202.cs.illinois.edu:9082_2024-11-09_02:16:08 at 02:16:12

Suspected node cleared for: fa24-cs425-1210.cs.illinois.edu:9080_2024-11-09_02:13:17 at 02:16:12

Node join detected for: fa24-cs425-1203.cs.illinois.edu:9083_2024-11-09_02:16:06 at 02:16:12

Node join detected for: fa24-cs425-1205.cs.illinois.edu:9085_2024-11-09_02:16:02 at 02:16:13

Node join detected for: fa24-cs425-1204.cs.illinois.edu:9084_2024-11-09_02:16:04 at 02:16:13

Node join detected for: fa24-cs425-1202.cs.illinois.edu:9082_2024-11-09_02:16:08 at 02:16:13

Node suspect detected for: fa24-cs425-1204.cs.illinois.edu:9084_2024-11-09_02:16:04 at 02:16:48

Node suspect detected for: fa24-cs425-1205.cs.illinois.edu:9085_2024-11-09_02:16:02 at 02:16:48

Node suspect detected for: fa24-cs425-1205.cs.illinois.edu:9085_2024-11-09_02:16:02 at 02:16:48

Node suspect detected for: fa24-cs425-1202.cs.illinois.edu:9082_2024-11-09_02:16:08 from machine 9087 at 02:16:50

Node suspect detected for: fa24-cs425-1202.cs.illinois.edu:9082_2024-11-09_02:16:08 at 02:16:50

Node suspect detected for: fa24-cs425-1201.cs.illinois.edu:9081_2024-11-09_02:16:10 at 02:16:51

Node suspect detected for: fa24-cs425-1203.cs.illinois.edu:9083_2024-11-09_02:16:06 at 02:16:54

Node failure message recieved for: fa24-cs425-1202.cs.illinois.edu:9082_2024-11-09_02:16:08 at 02:16:56

