Message received to create file 10-src at 23:37:54.617
10-src created at 23:37:54.618
Message received to create file 05-dest at 23:38:10.786
05-dest created at 23:38:10.786
Message received to create file 08-source-0-log at 23:38:10.797
08-source-0-log created at 23:38:10.797
Message received to create file 10-source-1-log at 23:38:10.804
10-source-1-log created at 23:38:10.804
Message received to create file 05-filterx-0-log at 23:38:10.811
05-filterx-0-log created at 23:38:10.811
Message received to create file 10-filterx-1-log at 23:38:10.819
10-filterx-1-log created at 23:38:10.820
Message received to create file 05-objsign-2-log at 23:38:10.832
05-objsign-2-log created at 23:38:10.832
Message received to retrieve file filterx-1-log at 23:38:10.948
File filterx-1-log sent back to client at 23:38:10.949
Message received to create append chunk05--23:38:10.992 at 23:38:10.992
append chunk 05--23:38:10.992 created at 23:38:10.993
Message received to create append chunk05-filterx-0-log-23:38:11.003 at 23:38:11.003
append chunk 05-filterx-0-log-23:38:11.003 created at 23:38:11.005
Message received to create append chunk05--23:38:11.013 at 23:38:11.013
append chunk 05--23:38:11.013 created at 23:38:11.014
Message received to create append chunk05-dest-23:38:11.038 at 23:38:11.038
append chunk 05-dest-23:38:11.038 created at 23:38:11.039
Message received to create append chunk05--23:38:11.058 at 23:38:11.058
append chunk 05--23:38:11.058 created at 23:38:11.060
Message received to create append chunk05-dest-23:38:11.085 at 23:38:11.085
append chunk 05-dest-23:38:11.085 created at 23:38:11.085
Message received to create append chunk05-objsign-2-log-23:38:11.088 at 23:38:11.088
append chunk 05-objsign-2-log-23:38:11.088 created at 23:38:11.088
Message received to create append chunk05--23:38:11.111 at 23:38:11.111
append chunk 05--23:38:11.111 created at 23:38:11.111
Message received to create append chunk05--23:38:11.173 at 23:38:11.173
append chunk 05--23:38:11.173 created at 23:38:11.174
