Node join detected for: fa24-cs425-1209.cs.illinois.edu:9089_2024-11-23_15:17:53 at 15:17:53

Node join detected for: fa24-cs425-1208.cs.illinois.edu:9088_2024-11-23_15:18:00 at 15:18:00

Node join detected for: fa24-cs425-1207.cs.illinois.edu:9087_2024-11-23_15:18:16 at 15:18:16

Node join detected for: fa24-cs425-1206.cs.illinois.edu:9086_2024-11-23_15:18:22 at 15:18:22

Node suspect detected for: fa24-cs425-1206.cs.illinois.edu:9086_2024-11-23_15:18:22 from machine 9080 at 15:18:26

Node suspect detected for: fa24-cs425-1206.cs.illinois.edu:9086_2024-11-23_15:18:22 at 15:18:26

Node suspect detected for: fa24-cs425-1209.cs.illinois.edu:9089_2024-11-23_15:17:53 at 15:18:26

Suspected node cleared for: fa24-cs425-1209.cs.illinois.edu:9089_2024-11-23_15:17:53 at 15:18:27

Suspected node cleared for: fa24-cs425-1206.cs.illinois.edu:9086_2024-11-23_15:18:22 at 15:18:27

Node suspect removed for: fa24-cs425-1206.cs.illinois.edu:9086_2024-11-23_15:18:22

Node suspect detected for: fa24-cs425-1207.cs.illinois.edu:9087_2024-11-23_15:18:16 at 15:19:07

Node failure message recieved for: fa24-cs425-1207.cs.illinois.edu:9087_2024-11-23_15:18:16 at 15:19:13

Node join detected for: fa24-cs425-1207.cs.illinois.edu:9087_2024-11-23_15:19:24 at 15:19:24

Node suspect detected for: fa24-cs425-1208.cs.illinois.edu:9088_2024-11-23_15:18:00 at 15:20:11

Node suspect cleared for: fa24-cs425-1208.cs.illinois.edu:9088_2024-11-23_15:18:00 from machine 9080 at 15:20:12

Suspected node cleared for: fa24-cs425-1208.cs.illinois.edu:9088_2024-11-23_15:18:00 at 15:20:12

Node suspect detected for: fa24-cs425-1207.cs.illinois.edu:9087_2024-11-23_15:19:24 at 15:24:40

Node failure message recieved for: fa24-cs425-1207.cs.illinois.edu:9087_2024-11-23_15:19:24 at 15:24:46

Node suspect detected for: fa24-cs425-1206.cs.illinois.edu:9086_2024-11-23_15:18:22 at 15:26:33

Node suspect detected for: fa24-cs425-1208.cs.illinois.edu:9088_2024-11-23_15:18:00 from machine 9080 at 15:26:34

Node suspect detected for: fa24-cs425-1208.cs.illinois.edu:9088_2024-11-23_15:18:00 at 15:26:34

